<?xml version="1.0" encoding="UTF-8"?>
<!-- Generated by org.testng.reporters.JUnitReportReporter -->
<testsuite hostname="DESKTOP-21VU7B1" name="com.rip.sql.dao.EmployeeDaoImplTest" tests="6" failures="0" timestamp="19 Sep 2016 07:39:01 GMT" time="0.603" errors="0">
  <testcase name="saveEmployee" time="0.034" classname="com.rip.sql.dao.EmployeeDaoImplTest"/>
  <testcase name="findEmployeeBySsn" time="0.029" classname="com.rip.sql.dao.EmployeeDaoImplTest"/>
  <testcase name="findAllEmployees" time="0.289" classname="com.rip.sql.dao.EmployeeDaoImplTest"/>
  <testcase name="findById" time="0.024" classname="com.rip.sql.dao.EmployeeDaoImplTest"/>
  <testcase name="deleteEmployeeBySsn" time="0.017" classname="com.rip.sql.dao.EmployeeDaoImplTest"/>
  <testcase name="deleteEmployeeByInvalidSsn" time="0.210" classname="com.rip.sql.dao.EmployeeDaoImplTest"/>
</testsuite> <!-- com.rip.sql.dao.EmployeeDaoImplTest -->
