<?xml version="1.0" encoding="UTF-8"?>
<!-- Generated by org.testng.reporters.JUnitReportReporter -->
<testsuite hostname="DESKTOP-21VU7B1" name="com.rip.sql.controller.AppControllerTest" tests="10" failures="0" timestamp="19 Sep 2016 07:39:01 GMT" time="0.057" errors="0">
  <testcase name="saveEmployeeWithSuccess" time="0.001" classname="com.rip.sql.controller.AppControllerTest"/>
  <testcase name="saveEmployeeWithValidationErrorNonUniqueSSN" time="0.002" classname="com.rip.sql.controller.AppControllerTest"/>
  <testcase name="deleteEmployee" time="0.019" classname="com.rip.sql.controller.AppControllerTest"/>
  <testcase name="newEmployee" time="0.001" classname="com.rip.sql.controller.AppControllerTest"/>
  <testcase name="updateEmployeeWithValidationError" time="0.000" classname="com.rip.sql.controller.AppControllerTest"/>
  <testcase name="editEmployee" time="0.027" classname="com.rip.sql.controller.AppControllerTest"/>
  <testcase name="updateEmployeeWithValidationErrorNonUniqueSSN" time="0.001" classname="com.rip.sql.controller.AppControllerTest"/>
  <testcase name="saveEmployeeWithValidationError" time="0.000" classname="com.rip.sql.controller.AppControllerTest"/>
  <testcase name="listEmployees" time="0.006" classname="com.rip.sql.controller.AppControllerTest"/>
  <testcase name="updateEmployeeWithSuccess" time="0.000" classname="com.rip.sql.controller.AppControllerTest"/>
</testsuite> <!-- com.rip.sql.controller.AppControllerTest -->
