<?xml version="1.0" encoding="UTF-8" ?>
<testsuite tests="23" failures="0" name="TestSuite" time="3.642" errors="0" skipped="0">
  <properties>
    <property name="java.runtime.name" value="Java(TM) SE Runtime Environment"/>
    <property name="sun.boot.library.path" value="C:\Program Files\Java\jdk1.8.0_05\jre\bin"/>
    <property name="java.vm.version" value="25.5-b02"/>
    <property name="java.vm.vendor" value="Oracle Corporation"/>
    <property name="java.vendor.url" value="http://java.oracle.com/"/>
    <property name="path.separator" value=";"/>
    <property name="guice.disable.misplaced.annotation.check" value="true"/>
    <property name="java.vm.name" value="Java HotSpot(TM) 64-Bit Server VM"/>
    <property name="file.encoding.pkg" value="sun.io"/>
    <property name="user.script" value=""/>
    <property name="user.country" value="US"/>
    <property name="sun.java.launcher" value="SUN_STANDARD"/>
    <property name="sun.os.patch.level" value=""/>
    <property name="java.vm.specification.name" value="Java Virtual Machine Specification"/>
    <property name="user.dir" value="E:\Smile24\Projects\0003 -SQL\GIT\codemageAPI"/>
    <property name="java.runtime.version" value="1.8.0_05-b13"/>
    <property name="java.awt.graphicsenv" value="sun.awt.Win32GraphicsEnvironment"/>
    <property name="java.endorsed.dirs" value="C:\Program Files\Java\jdk1.8.0_05\jre\lib\endorsed"/>
    <property name="os.arch" value="amd64"/>
    <property name="java.io.tmpdir" value="C:\Users\HASITH~1\AppData\Local\Temp\"/>
    <property name="line.separator" value="
"/>
    <property name="java.vm.specification.vendor" value="Oracle Corporation"/>
    <property name="user.variant" value=""/>
    <property name="os.name" value="Windows 8.1"/>
    <property name="maven.ext.class.path" value="C:\Program Files\NetBeans 8.1\java\maven-nblib\netbeans-eventspy.jar"/>
    <property name="classworlds.conf" value="C:\Program Files\NetBeans 8.1\java\maven\bin\m2.conf"/>
    <property name="sun.jnu.encoding" value="Cp1252"/>
    <property name="java.library.path" value="C:\Program Files\Java\jdk1.8.0_05\bin;C:\WINDOWS\Sun\Java\bin;C:\WINDOWS\system32;C:\WINDOWS;C:\app\Oracle\product\12.1.0\dbhome_1\bin;C:\ProgramData\Oracle\Java\javapath;C:\WINDOWS\system32;C:\WINDOWS;C:\WINDOWS\System32\Wbem;C:\WINDOWS\System32\WindowsPowerShell\v1.0\;E:\Software Setups\Software Engineering\Configerations\apache-ant-1.9.7-bin\apache-ant-1.9.7\bin;C:\Program Files\Git\cmd;E:\Software Setups\Software Engineering\Configerations\apache-maven-3.3.9-bin\apache-maven-3.3.9\bin;E:\Software Setups\Software Engineering\Configerations\spring-boot-cli-1.1.4.RELEASE-bin\spring-1.1.4.RELEASE\bin;E:\Software Setups\Software Engineering\Configerations\sqlite-dll-win64-x64-3140100;C:\Program Files\Microsoft SQL Server\Client SDK\ODBC\130\Tools\Binn\;C:\Program Files (x86)\Microsoft SQL Server\130\Tools\Binn\;C:\Program Files\Microsoft SQL Server\130\Tools\Binn\;C:\Program Files\Microsoft SQL Server\130\DTS\Binn\;C:\Program Files\nodejs\;C:\Users\Hasitha Lakmal\AppData\Roaming\npm;."/>
    <property name="java.specification.name" value="Java Platform API Specification"/>
    <property name="java.class.version" value="52.0"/>
    <property name="sun.management.compiler" value="HotSpot 64-Bit Tiered Compilers"/>
    <property name="os.version" value="6.3"/>
    <property name="user.home" value="C:\Users\Hasitha Lakmal"/>
    <property name="user.timezone" value="Asia/Colombo"/>
    <property name="java.awt.printerjob" value="sun.awt.windows.WPrinterJob"/>
    <property name="java.specification.version" value="1.8"/>
    <property name="file.encoding" value="UTF-8"/>
    <property name="user.name" value="Hasitha Lakmal"/>
    <property name="java.class.path" value="C:\Program Files\NetBeans 8.1\java\maven\boot\plexus-classworlds-2.4.jar"/>
    <property name="java.vm.specification.version" value="1.8"/>
    <property name="sun.arch.data.model" value="64"/>
    <property name="java.home" value="C:\Program Files\Java\jdk1.8.0_05\jre"/>
    <property name="sun.java.command" value="org.codehaus.plexus.classworlds.launcher.Launcher -Dmaven.ext.class.path=C:\Program Files\NetBeans 8.1\java\maven-nblib\netbeans-eventspy.jar -Dfile.encoding=UTF-8 clean install"/>
    <property name="java.specification.vendor" value="Oracle Corporation"/>
    <property name="user.language" value="en"/>
    <property name="awt.toolkit" value="sun.awt.windows.WToolkit"/>
    <property name="java.vm.info" value="mixed mode"/>
    <property name="java.version" value="1.8.0_05"/>
    <property name="java.ext.dirs" value="C:\Program Files\Java\jdk1.8.0_05\jre\lib\ext;C:\WINDOWS\Sun\Java\lib\ext"/>
    <property name="sun.boot.class.path" value="C:\Program Files\Java\jdk1.8.0_05\jre\lib\resources.jar;C:\Program Files\Java\jdk1.8.0_05\jre\lib\rt.jar;C:\Program Files\Java\jdk1.8.0_05\jre\lib\sunrsasign.jar;C:\Program Files\Java\jdk1.8.0_05\jre\lib\jsse.jar;C:\Program Files\Java\jdk1.8.0_05\jre\lib\jce.jar;C:\Program Files\Java\jdk1.8.0_05\jre\lib\charsets.jar;C:\Program Files\Java\jdk1.8.0_05\jre\lib\jfr.jar;C:\Program Files\Java\jdk1.8.0_05\jre\classes"/>
    <property name="java.vendor" value="Oracle Corporation"/>
    <property name="maven.home" value="C:\Program Files\NetBeans 8.1\java\maven"/>
    <property name="file.separator" value="\"/>
    <property name="java.vendor.url.bug" value="http://bugreport.sun.com/bugreport/"/>
    <property name="sun.cpu.endian" value="little"/>
    <property name="sun.io.unicode.encoding" value="UnicodeLittle"/>
    <property name="sun.desktop" value="windows"/>
    <property name="sun.cpu.isalist" value="amd64"/>
  </properties>
  <testcase classname="com.rip.sql.controller.AppControllerTest" name="deleteEmployee" time="0.017"/>
  <testcase classname="com.rip.sql.controller.AppControllerTest" name="editEmployee" time="0.024"/>
  <testcase classname="com.rip.sql.controller.AppControllerTest" name="listEmployees" time="0.006"/>
  <testcase classname="com.rip.sql.controller.AppControllerTest" name="newEmployee" time="0.001"/>
  <testcase classname="com.rip.sql.controller.AppControllerTest" name="saveEmployeeWithSuccess" time="0.002"/>
  <testcase classname="com.rip.sql.controller.AppControllerTest" name="saveEmployeeWithValidationError" time="0"/>
  <testcase classname="com.rip.sql.controller.AppControllerTest" name="saveEmployeeWithValidationErrorNonUniqueSSN" time="0.002"/>
  <testcase classname="com.rip.sql.controller.AppControllerTest" name="updateEmployeeWithSuccess" time="0"/>
  <testcase classname="com.rip.sql.controller.AppControllerTest" name="updateEmployeeWithValidationError" time="0"/>
  <testcase classname="com.rip.sql.controller.AppControllerTest" name="updateEmployeeWithValidationErrorNonUniqueSSN" time="0.001"/>
  <testcase classname="com.rip.sql.dao.EmployeeDaoImplTest" name="deleteEmployeeByInvalidSsn" time="0.113"/>
  <testcase classname="com.rip.sql.dao.EmployeeDaoImplTest" name="deleteEmployeeBySsn" time="0.003"/>
  <testcase classname="com.rip.sql.dao.EmployeeDaoImplTest" name="findAllEmployees" time="0.002"/>
  <testcase classname="com.rip.sql.dao.EmployeeDaoImplTest" name="findById" time="0.011"/>
  <testcase classname="com.rip.sql.dao.EmployeeDaoImplTest" name="findEmployeeBySsn" time="0.011"/>
  <testcase classname="com.rip.sql.dao.EmployeeDaoImplTest" name="saveEmployee" time="0.022"/>
  <testcase classname="com.rip.sql.service.EmployeeServiceImplTest" name="deleteEmployeeBySsn" time="0.001"/>
  <testcase classname="com.rip.sql.service.EmployeeServiceImplTest" name="findAllEmployees" time="0.001"/>
  <testcase classname="com.rip.sql.service.EmployeeServiceImplTest" name="findById" time="0.001"/>
  <testcase classname="com.rip.sql.service.EmployeeServiceImplTest" name="findEmployeeBySsn" time="0"/>
  <testcase classname="com.rip.sql.service.EmployeeServiceImplTest" name="isEmployeeSsnUnique" time="0"/>
  <testcase classname="com.rip.sql.service.EmployeeServiceImplTest" name="saveEmployee" time="0"/>
  <testcase classname="com.rip.sql.service.EmployeeServiceImplTest" name="updateEmployee" time="0.001"/>
</testsuite>